<?xml version="1.0" encoding="UTF-8"?>
<!-- Generated by org.testng.reporters.JUnitReportReporter -->
<testsuite hostname="LAPTOP-QOPME4G0" failures="0" tests="1" name="cucumber.ExecutionRunner" time="16.933" errors="0" timestamp="2023-01-17T23:10:36 SGT" skipped="0">
  <testcase classname="cucumber.ExecutionRunner" name="runScenario" time="16.933"/>
</testsuite> <!-- cucumber.ExecutionRunner -->
